C:\VISUAL STUDIO 2012\SETTINGS\API\10_12_TIMER_PRE_1\10_12_TIMER_PRE_1\DEBUG\VC110.PDB
C:\VISUAL STUDIO 2012\SETTINGS\API\10_12_TIMER_PRE_1\10_12_TIMER_PRE_1\DEBUG\10_12_TIMER_PRE_1.PCH
C:\VISUAL STUDIO 2012\SETTINGS\API\10_12_TIMER_PRE_1\10_12_TIMER_PRE_1\DEBUG\STDAFX.OBJ
C:\VISUAL STUDIO 2012\SETTINGS\API\10_12_TIMER_PRE_1\10_12_TIMER_PRE_1\DEBUG\10_12_TIMER_PRE_1.OBJ
C:\VISUAL STUDIO 2012\SETTINGS\API\10_12_TIMER_PRE_1\10_12_TIMER_PRE_1\DEBUG\10_12_TIMER_PRE_1DLG.OBJ
C:\VISUAL STUDIO 2012\SETTINGS\API\10_12_TIMER_PRE_1\10_12_TIMER_PRE_1\DEBUG\FUNC_TM.OBJ
C:\VISUAL STUDIO 2012\SETTINGS\API\10_12_TIMER_PRE_1\DEBUG\10_12_TIMER_PRE_1.ILK
C:\VISUAL STUDIO 2012\SETTINGS\API\10_12_TIMER_PRE_1\DEBUG\10_12_TIMER_PRE_1.EXE
C:\VISUAL STUDIO 2012\SETTINGS\API\10_12_TIMER_PRE_1\DEBUG\10_12_TIMER_PRE_1.PDB
C:\VISUAL STUDIO 2012\SETTINGS\API\10_12_TIMER_PRE_1\10_12_TIMER_PRE_1\DEBUG\10_12_TIMER_PRE_1.RES
C:\Visual Studio 2012\Settings\API\10_12_TImer_pre_1\10_12_TImer_pre_1\Debug\10_12_TImer_pre_1.obj
C:\Visual Studio 2012\Settings\API\10_12_TImer_pre_1\10_12_TImer_pre_1\Debug\10_12_TImer_pre_1Dlg.obj
C:\Visual Studio 2012\Settings\API\10_12_TImer_pre_1\10_12_TImer_pre_1\Debug\Func_Tm.obj
C:\Visual Studio 2012\Settings\API\10_12_TImer_pre_1\10_12_TImer_pre_1\Debug\stdafx.obj
C:\Visual Studio 2012\Settings\API\10_12_TImer_pre_1\10_12_TImer_pre_1\Debug\cl.command.1.tlog
C:\Visual Studio 2012\Settings\API\10_12_TImer_pre_1\10_12_TImer_pre_1\Debug\CL.read.1.tlog
C:\Visual Studio 2012\Settings\API\10_12_TImer_pre_1\10_12_TImer_pre_1\Debug\CL.write.1.tlog
C:\Visual Studio 2012\Settings\API\10_12_TImer_pre_1\10_12_TImer_pre_1\Debug\link-cvtres.read.1.tlog
C:\Visual Studio 2012\Settings\API\10_12_TImer_pre_1\10_12_TImer_pre_1\Debug\link-cvtres.write.1.tlog
C:\Visual Studio 2012\Settings\API\10_12_TImer_pre_1\10_12_TImer_pre_1\Debug\link-mt.read.1.tlog
C:\Visual Studio 2012\Settings\API\10_12_TImer_pre_1\10_12_TImer_pre_1\Debug\link-mt.write.1.tlog
C:\Visual Studio 2012\Settings\API\10_12_TImer_pre_1\10_12_TImer_pre_1\Debug\link-rc.read.1.tlog
C:\Visual Studio 2012\Settings\API\10_12_TImer_pre_1\10_12_TImer_pre_1\Debug\link-rc.write.1.tlog
C:\Visual Studio 2012\Settings\API\10_12_TImer_pre_1\10_12_TImer_pre_1\Debug\link.5180-cvtres.read.1.tlog
C:\Visual Studio 2012\Settings\API\10_12_TImer_pre_1\10_12_TImer_pre_1\Debug\link.5180-cvtres.write.1.tlog
C:\Visual Studio 2012\Settings\API\10_12_TImer_pre_1\10_12_TImer_pre_1\Debug\link.5180-mt.read.1.tlog
C:\Visual Studio 2012\Settings\API\10_12_TImer_pre_1\10_12_TImer_pre_1\Debug\link.5180-mt.write.1.tlog
C:\Visual Studio 2012\Settings\API\10_12_TImer_pre_1\10_12_TImer_pre_1\Debug\link.5180-rc.read.1.tlog
C:\Visual Studio 2012\Settings\API\10_12_TImer_pre_1\10_12_TImer_pre_1\Debug\link.5180-rc.write.1.tlog
C:\Visual Studio 2012\Settings\API\10_12_TImer_pre_1\10_12_TImer_pre_1\Debug\link.5180.read.1.tlog
C:\Visual Studio 2012\Settings\API\10_12_TImer_pre_1\10_12_TImer_pre_1\Debug\link.5180.write.1.tlog
C:\Visual Studio 2012\Settings\API\10_12_TImer_pre_1\10_12_TImer_pre_1\Debug\link.6224-cvtres.read.1.tlog
C:\Visual Studio 2012\Settings\API\10_12_TImer_pre_1\10_12_TImer_pre_1\Debug\link.6224-cvtres.write.1.tlog
C:\Visual Studio 2012\Settings\API\10_12_TImer_pre_1\10_12_TImer_pre_1\Debug\link.6224-mt.read.1.tlog
C:\Visual Studio 2012\Settings\API\10_12_TImer_pre_1\10_12_TImer_pre_1\Debug\link.6224-mt.write.1.tlog
C:\Visual Studio 2012\Settings\API\10_12_TImer_pre_1\10_12_TImer_pre_1\Debug\link.6224-rc.read.1.tlog
C:\Visual Studio 2012\Settings\API\10_12_TImer_pre_1\10_12_TImer_pre_1\Debug\link.6224-rc.write.1.tlog
C:\Visual Studio 2012\Settings\API\10_12_TImer_pre_1\10_12_TImer_pre_1\Debug\link.6224.read.1.tlog
C:\Visual Studio 2012\Settings\API\10_12_TImer_pre_1\10_12_TImer_pre_1\Debug\link.6224.write.1.tlog
C:\Visual Studio 2012\Settings\API\10_12_TImer_pre_1\10_12_TImer_pre_1\Debug\link.7992-cvtres.read.1.tlog
C:\Visual Studio 2012\Settings\API\10_12_TImer_pre_1\10_12_TImer_pre_1\Debug\link.7992-cvtres.write.1.tlog
C:\Visual Studio 2012\Settings\API\10_12_TImer_pre_1\10_12_TImer_pre_1\Debug\link.7992-mt.read.1.tlog
C:\Visual Studio 2012\Settings\API\10_12_TImer_pre_1\10_12_TImer_pre_1\Debug\link.7992-mt.write.1.tlog
C:\Visual Studio 2012\Settings\API\10_12_TImer_pre_1\10_12_TImer_pre_1\Debug\link.7992-rc.read.1.tlog
C:\Visual Studio 2012\Settings\API\10_12_TImer_pre_1\10_12_TImer_pre_1\Debug\link.7992-rc.write.1.tlog
C:\Visual Studio 2012\Settings\API\10_12_TImer_pre_1\10_12_TImer_pre_1\Debug\link.7992.read.1.tlog
C:\Visual Studio 2012\Settings\API\10_12_TImer_pre_1\10_12_TImer_pre_1\Debug\link.7992.write.1.tlog
C:\Visual Studio 2012\Settings\API\10_12_TImer_pre_1\10_12_TImer_pre_1\Debug\link.command.1.tlog
C:\Visual Studio 2012\Settings\API\10_12_TImer_pre_1\10_12_TImer_pre_1\Debug\link.read.1.tlog
C:\Visual Studio 2012\Settings\API\10_12_TImer_pre_1\10_12_TImer_pre_1\Debug\link.write.1.tlog
C:\Visual Studio 2012\Settings\API\10_12_TImer_pre_1\10_12_TImer_pre_1\Debug\rc.command.1.tlog
C:\Visual Studio 2012\Settings\API\10_12_TImer_pre_1\10_12_TImer_pre_1\Debug\rc.read.1.tlog
C:\Visual Studio 2012\Settings\API\10_12_TImer_pre_1\10_12_TImer_pre_1\Debug\rc.write.1.tlog
C:\Visual Studio 2012\Settings\API\10_12_TImer_pre_1\10_12_TImer_pre_1\Debug\10_12_TImer_pre_1.res
C:\Visual Studio 2012\Settings\API\10_12_TImer_pre_1\10_12_TImer_pre_1\Debug\10_12_TImer_pre_1.pch
C:\Visual Studio 2012\Settings\API\10_12_TImer_pre_1\10_12_TImer_pre_1\Debug\vc110.idb
C:\Visual Studio 2012\Settings\API\10_12_TImer_pre_1\10_12_TImer_pre_1\Debug\vc110.pdb
C:\Visual Studio 2012\Settings\API\10_12_TImer_pre_1\Debug\10_12_TImer_pre_1.pdb
C:\Visual Studio 2012\Settings\API\10_12_TImer_pre_1\Debug\10_12_TImer_pre_1.exe
C:\Visual Studio 2012\Settings\API\10_12_TImer_pre_1\Debug\10_12_TImer_pre_1.ilk
